<?xml version="1.0" encoding="UTF-8"?>
<testsuite xmlns:xsi="http://www.w3.org/2001/XMLSchema-instance" xsi:noNamespaceSchemaLocation="https://maven.apache.org/surefire/maven-surefire-plugin/xsd/surefire-test-report.xsd" name="ar.utn.frbb.tup.service.administracion.gestion.cuentas.CuentasServiceTest" time="0.001" tests="1" errors="0" skipped="0" failures="0">
  <properties>
[...]
</properties>
  <testcase name="testCuentaSuccess" classname="ar.utn.frbb.tup.service.administracion.gestion.cuentas.CuentasServiceTest" time="0"/>
</testsuite>