<?xml version="1.0" encoding="UTF-8"?>
<testsuite xmlns:xsi="http://www.w3.org/2001/XMLSchema-instance" xsi:noNamespaceSchemaLocation="https://maven.apache.org/surefire/maven-surefire-plugin/xsd/surefire-test-report.xsd" name="ar.utn.frbb.tup.service.administracion.gestion.clientes.CrearCuentaTest" time="0.048" tests="2" errors="0" skipped="0" failures="0">
  <properties>
[...]
</properties>
  <testcase name="testClienteSuccess" classname="ar.utn.frbb.tup.service.administracion.gestion.clientes.CrearCuentaTest" time="0.03"/>
  <testcase name="testClienteExistenteException" classname="ar.utn.frbb.tup.service.administracion.gestion.clientes.CrearCuentaTest" time="0.003"/>
</testsuite>